C51 COMPILER V9.00   DZ                                                                    10/17/2022 17:39:00 PAGE 1   


C51 COMPILER V9.00, COMPILATION OF MODULE DZ
OBJECT MODULE PLACED IN dz.OBJ
COMPILER INVOKED BY: C:\Keil\C51\BIN\C51.EXE dz.c BROWSE DEBUG OBJECTEXTEND

line level    source

   1          #include <reg51.h>
   2          sbit key0=P3^7;
   3          /*选中列*/unsigned char code tab[]={0x00, 0x7E, 0xFF, 0xC3, 0xC3, 0xFF, 0x7E, 0x00,//0  8
   4                                   0x00, 0x00, 0x43, 0xFF, 0xFF, 0x03, 0x00, 0x00,//1      16
   5                                                           0x00, 0x63, 0xC7, 0xCF, 0xDB, 0xF3, 0x63, 0x00,//2      24
   6                                                           0x00, 0x42, 0xDB, 0xDB, 0xDB, 0xEF, 0x66, 0x00,//3      ...
   7                                                           0x00, 0x3E, 0x46, 0xFF, 0xFF, 0x06, 0x06, 0x00,//4
   8                                                           0x00, 0xF6, 0xF7, 0xD3, 0xD3, 0xDF, 0xDE, 0x00,//5
   9                                                           0x00, 0x7E, 0xFF, 0xDB, 0xDB, 0xDF, 0x4E, 0x00,//6
  10                                                           0x00, 0xC0, 0xC0, 0xC7, 0xFF, 0xF8, 0xC0, 0x00,//7
  11                                                           0x00, 0xFF, 0xFF, 0xDB, 0xDB, 0xFF, 0xFF, 0x00,//8
  12                                                           0x00, 0x72, 0xFB, 0xDB, 0xDB, 0xFF, 0x7E, 0x00,};//9
  13          unsigned char row[]={0x01,0x02,0x04,0x08,0x10,0x20,0x40,0x80,};
  14          //选中行。让端口的每一个引脚分别为高电平，但下面取反，所以显示为低电平
  15          unsigned char num=0,flag=0;//赋值
  16          void key()
  17          {                          
  18   1       if(flag==0&&key0==0)//flag；标志。&&：并且
  19   1       {
  20   2        flag=1;
  21   2       }
  22   1       if(flag==1&&key0==1)
  23   1       {
  24   2        num++;
  25   2        flag=0;
  26   2       }
  27   1       if(num==10)
  28   1       {
  29   2        num=0;
  30   2       }
  31   1      }
  32          void matrix()
  33          {
  34   1       int i=0;
  35   1       for(i=8*num;i<8*(num+1);i++)//num；次数
  36   1       {
  37   2        P0=~row[i-8*num];
  38   2        P1=tab[i];
  39   2       }
  40   1      }
  41          void main()
  42          {
  43   1       while(1)
  44   1       {
  45   2        matrix();
  46   2        key();
  47   2       }
  48   1      }


MODULE INFORMATION:   STATIC OVERLAYABLE
   CODE SIZE        =    121    ----
   CONSTANT SIZE    =     80    ----
   XDATA SIZE       =   ----    ----
   PDATA SIZE       =   ----    ----
C51 COMPILER V9.00   DZ                                                                    10/17/2022 17:39:00 PAGE 2   

   DATA SIZE        =     10    ----
   IDATA SIZE       =   ----    ----
   BIT SIZE         =   ----    ----
END OF MODULE INFORMATION.


C51 COMPILATION COMPLETE.  0 WARNING(S),  0 ERROR(S)
